<?xml version="1.0" encoding="UTF-8"?>
<testng-results ignored="0" total="1" passed="1" failed="0" skipped="0">
  <reporter-output>
  </reporter-output>
  <suite started-at="2025-10-03T06:49:18 UTC" name="Default suite" finished-at="2025-10-03T06:49:24 UTC" duration-ms="6737">
    <groups>
    </groups>
    <test started-at="2025-10-03T06:49:18 UTC" name="Default test" finished-at="2025-10-03T06:49:24 UTC" duration-ms="6737">
      <class name="tests.LoginTest">
        <test-method signature="Login()[pri:0, instance:tests.LoginTest@6fdbe764]" started-at="2025-10-03T06:49:18 UTC" name="Login" finished-at="2025-10-03T06:49:24 UTC" duration-ms="6698" status="PASS">
          <reporter-output>
          </reporter-output>
        </test-method> <!-- Login -->
      </class> <!-- tests.LoginTest -->
    </test> <!-- Default test -->
  </suite> <!-- Default suite -->
</testng-results>
